  monthloof.c
d:\users\sun\desktop\공부 관련\미래를 위한 퐅폴\coinz\ver-ana_potpo\jsw\monthloof.c(9): warning C4013: 'srand'이(가) 정의되지 않았습니다. extern은 int형을 반환하는 것으로 간주합니다.
d:\users\sun\desktop\공부 관련\미래를 위한 퐅폴\coinz\ver-ana_potpo\jsw\monthloof.c(9): warning C4013: 'time'이(가) 정의되지 않았습니다. extern은 int형을 반환하는 것으로 간주합니다.
d:\users\sun\desktop\공부 관련\미래를 위한 퐅폴\coinz\ver-ana_potpo\jsw\monthloof.c(10): warning C4013: 'rand'이(가) 정의되지 않았습니다. extern은 int형을 반환하는 것으로 간주합니다.
d:\users\sun\desktop\공부 관련\미래를 위한 퐅폴\coinz\ver-ana_potpo\jsw\monthloof.c(22): warning C4013: 'printf'이(가) 정의되지 않았습니다. extern은 int형을 반환하는 것으로 간주합니다.
d:\users\sun\desktop\공부 관련\미래를 위한 퐅폴\coinz\ver-ana_potpo\jsw\monthloof.c(37): warning C4013: 'scanf_s'이(가) 정의되지 않았습니다. extern은 int형을 반환하는 것으로 간주합니다.
d:\users\sun\desktop\공부 관련\미래를 위한 퐅폴\coinz\ver-ana_potpo\jsw\monthloof.c(46): warning C4013: 'getchar'이(가) 정의되지 않았습니다. extern은 int형을 반환하는 것으로 간주합니다.
d:\users\sun\desktop\공부 관련\미래를 위한 퐅폴\coinz\ver-ana_potpo\jsw\monthloof.c(46): warning C4013: 'space'이(가) 정의되지 않았습니다. extern은 int형을 반환하는 것으로 간주합니다.
d:\users\sun\desktop\공부 관련\미래를 위한 퐅폴\coinz\ver-ana_potpo\jsw\monthloof.c(12): warning C4996: 'strcpy': This function or variable may be unsafe. Consider using strcpy_s instead. To disable deprecation, use _CRT_SECURE_NO_WARNINGS. See online help for details.
  c:\program files (x86)\windows kits\10\include\10.0.16299.0\ucrt\string.h(132): note: 'strcpy' 선언을 참조하십시오.
d:\users\sun\desktop\공부 관련\미래를 위한 퐅폴\coinz\ver-ana_potpo\jsw\monthloof.c(13): warning C4996: 'strcpy': This function or variable may be unsafe. Consider using strcpy_s instead. To disable deprecation, use _CRT_SECURE_NO_WARNINGS. See online help for details.
  c:\program files (x86)\windows kits\10\include\10.0.16299.0\ucrt\string.h(132): note: 'strcpy' 선언을 참조하십시오.
d:\users\sun\desktop\공부 관련\미래를 위한 퐅폴\coinz\ver-ana_potpo\jsw\monthloof.c(14): warning C4996: 'strcpy': This function or variable may be unsafe. Consider using strcpy_s instead. To disable deprecation, use _CRT_SECURE_NO_WARNINGS. See online help for details.
  c:\program files (x86)\windows kits\10\include\10.0.16299.0\ucrt\string.h(132): note: 'strcpy' 선언을 참조하십시오.
d:\users\sun\desktop\공부 관련\미래를 위한 퐅폴\coinz\ver-ana_potpo\jsw\monthloof.c(15): warning C4996: 'strcpy': This function or variable may be unsafe. Consider using strcpy_s instead. To disable deprecation, use _CRT_SECURE_NO_WARNINGS. See online help for details.
  c:\program files (x86)\windows kits\10\include\10.0.16299.0\ucrt\string.h(132): note: 'strcpy' 선언을 참조하십시오.
d:\users\sun\desktop\공부 관련\미래를 위한 퐅폴\coinz\ver-ana_potpo\jsw\monthloof.c(16): warning C4996: 'strcpy': This function or variable may be unsafe. Consider using strcpy_s instead. To disable deprecation, use _CRT_SECURE_NO_WARNINGS. See online help for details.
  c:\program files (x86)\windows kits\10\include\10.0.16299.0\ucrt\string.h(132): note: 'strcpy' 선언을 참조하십시오.
d:\users\sun\desktop\공부 관련\미래를 위한 퐅폴\coinz\ver-ana_potpo\jsw\monthloof.c(17): warning C4996: 'strcpy': This function or variable may be unsafe. Consider using strcpy_s instead. To disable deprecation, use _CRT_SECURE_NO_WARNINGS. See online help for details.
  c:\program files (x86)\windows kits\10\include\10.0.16299.0\ucrt\string.h(132): note: 'strcpy' 선언을 참조하십시오.
d:\users\sun\desktop\공부 관련\미래를 위한 퐅폴\coinz\ver-ana_potpo\jsw\monthloof.c(18): warning C4996: 'strcpy': This function or variable may be unsafe. Consider using strcpy_s instead. To disable deprecation, use _CRT_SECURE_NO_WARNINGS. See online help for details.
  c:\program files (x86)\windows kits\10\include\10.0.16299.0\ucrt\string.h(132): note: 'strcpy' 선언을 참조하십시오.
  JSW.vcxproj -> D:\Users\sun\Desktop\공부 관련\미래를 위한 퐅폴\COINZ\Ver-ana_potpo\Debug\JSW.exe
